<?xml version="1.0" encoding="UTF-8"?>
<testsuite xmlns:xsi="http://www.w3.org/2001/XMLSchema-instance" xsi:noNamespaceSchemaLocation="https://maven.apache.org/surefire/maven-surefire-plugin/xsd/surefire-test-report-3.0.xsd" version="3.0" name="com.trinetra.FraudPipelineIntegrationTest" time="17.06" tests="8" errors="0" skipped="0" failures="0">
  <properties>
[...]
</properties>
  <testcase name="testManualReviewPath" classname="com.trinetra.FraudPipelineIntegrationTest" time="2.449">
    <system-out><![CDATA[
  .   ____          _            __ _ _
 /\\ / ___'_ __ _ _(_)_ __  __ _ \ \ \ \
( ( )\___ | '_ | '_| | '_ \/ _` | \ \ \ \
 \\/  ___)| |_)| | | | | || (_| |  ) ) ) )
  '  |____| .__|_| |_|_| |_\__, | / / / /
 =========|_|==============|___/=/_/_/_/
 :: Spring Boot ::                (v3.2.5)

2026-04-29T09:37:01.660Z  INFO 11300 --- [fraud-orchestrator] [           main] c.trinetra.FraudPipelineIntegrationTest  : Starting FraudPipelineIntegrationTest using Java 21.0.10 with PID 11300 (started by mitsu in C:\Users\mitsu\Downloads\TriNetra AI\backend)
2026-04-29T09:37:01.666Z  INFO 11300 --- [fraud-orchestrator] [           main] c.trinetra.FraudPipelineIntegrationTest  : No active profile set, falling back to 1 default profile: "default"
2026-04-29T09:37:03.722Z  INFO 11300 --- [fraud-orchestrator] [           main] .s.d.r.c.RepositoryConfigurationDelegate : Bootstrapping Spring Data JPA repositories in DEFAULT mode.
2026-04-29T09:37:03.930Z  INFO 11300 --- [fraud-orchestrator] [           main] .s.d.r.c.RepositoryConfigurationDelegate : Finished Spring Data repository scanning in 179 ms. Found 1 JPA repository interface.
2026-04-29T09:37:05.322Z  INFO 11300 --- [fraud-orchestrator] [           main] o.hibernate.jpa.internal.util.LogHelper  : HHH000204: Processing PersistenceUnitInfo [name: default]
2026-04-29T09:37:05.561Z  INFO 11300 --- [fraud-orchestrator] [           main] org.hibernate.Version                    : HHH000412: Hibernate ORM core version 6.4.4.Final
2026-04-29T09:37:05.704Z  INFO 11300 --- [fraud-orchestrator] [           main] o.h.c.internal.RegionFactoryInitiator    : HHH000026: Second-level cache disabled
2026-04-29T09:37:06.421Z  INFO 11300 --- [fraud-orchestrator] [           main] o.s.o.j.p.SpringPersistenceUnitInfo      : No LoadTimeWeaver setup: ignoring JPA class transformer
2026-04-29T09:37:06.503Z  INFO 11300 --- [fraud-orchestrator] [           main] com.zaxxer.hikari.HikariDataSource       : HikariPool-1 - Starting...
2026-04-29T09:37:06.937Z  INFO 11300 --- [fraud-orchestrator] [           main] com.zaxxer.hikari.pool.HikariPool        : HikariPool-1 - Added connection org.postgresql.jdbc.PgConnection@365cef67
2026-04-29T09:37:06.943Z  INFO 11300 --- [fraud-orchestrator] [           main] com.zaxxer.hikari.HikariDataSource       : HikariPool-1 - Start completed.
2026-04-29T09:37:07.039Z  WARN 11300 --- [fraud-orchestrator] [           main] org.hibernate.orm.deprecation            : HHH90000025: PostgreSQLDialect does not need to be specified explicitly using 'hibernate.dialect' (remove the property setting and it will be selected by default)
2026-04-29T09:37:09.314Z  INFO 11300 --- [fraud-orchestrator] [           main] o.h.e.t.j.p.i.JtaPlatformInitiator       : HHH000489: No JTA platform available (set 'hibernate.transaction.jta.platform' to enable JTA platform integration)
2026-04-29T09:37:09.442Z  INFO 11300 --- [fraud-orchestrator] [           main] j.LocalContainerEntityManagerFactoryBean : Initialized JPA EntityManagerFactory for persistence unit 'default'
2026-04-29T09:37:10.735Z  WARN 11300 --- [fraud-orchestrator] [           main] JpaBaseConfiguration$JpaWebConfiguration : spring.jpa.open-in-view is enabled by default. Therefore, database queries may be performed during view rendering. Explicitly configure spring.jpa.open-in-view to disable this warning
2026-04-29T09:37:11.871Z  INFO 11300 --- [fraud-orchestrator] [           main] o.s.b.t.m.w.SpringBootMockServletContext : Initializing Spring TestDispatcherServlet ''
2026-04-29T09:37:11.871Z  INFO 11300 --- [fraud-orchestrator] [           main] o.s.t.web.servlet.TestDispatcherServlet  : Initializing Servlet ''
2026-04-29T09:37:11.885Z  INFO 11300 --- [fraud-orchestrator] [           main] o.s.t.web.servlet.TestDispatcherServlet  : Completed initialization in 6 ms
2026-04-29T09:37:11.965Z  INFO 11300 --- [fraud-orchestrator] [           main] c.trinetra.FraudPipelineIntegrationTest  : Started FraudPipelineIntegrationTest in 10.867 seconds (process running for 12.834)
Hibernate: select frr1_0.id,frr1_0.claim_id,frr1_0.created_at,frr1_0.decision,frr1_0.enforce_detection_used,frr1_0.error_reason,frr1_0.registered_image_cloudinary_url,frr1_0.reviewed_at,frr1_0.reviewed_by,frr1_0.similarity_score,frr1_0.social_image_cloudinary_url,frr1_0.status,frr1_0.user_id from face_recognition_results frr1_0
Hibernate: delete from face_recognition_results where id=?
Hibernate: insert into face_recognition_results (claim_id,decision,enforce_detection_used,error_reason,registered_image_cloudinary_url,reviewed_at,reviewed_by,similarity_score,social_image_cloudinary_url,status,user_id,id) values (?,?,?,?,?,?,?,?,?,?,?,?)
]]></system-out>
    <system-err><![CDATA[WARNING: A Java agent has been loaded dynamically (C:\Users\mitsu\.m2\repository\net\bytebuddy\byte-buddy-agent\1.14.13\byte-buddy-agent-1.14.13.jar)
WARNING: If a serviceability tool is in use, please run with -XX:+EnableDynamicAgentLoading to hide this warning
WARNING: If a serviceability tool is not in use, please run with -Djdk.instrument.traceUsage for more information
WARNING: Dynamic loading of agents will be disallowed by default in a future release
]]></system-err>
  </testcase>
  <testcase name="testFraudLikelyPath" classname="com.trinetra.FraudPipelineIntegrationTest" time="0.08">
    <system-out><![CDATA[Hibernate: select frr1_0.id,frr1_0.claim_id,frr1_0.created_at,frr1_0.decision,frr1_0.enforce_detection_used,frr1_0.error_reason,frr1_0.registered_image_cloudinary_url,frr1_0.reviewed_at,frr1_0.reviewed_by,frr1_0.similarity_score,frr1_0.social_image_cloudinary_url,frr1_0.status,frr1_0.user_id from face_recognition_results frr1_0
Hibernate: delete from face_recognition_results where id=?
Hibernate: insert into face_recognition_results (claim_id,decision,enforce_detection_used,error_reason,registered_image_cloudinary_url,reviewed_at,reviewed_by,similarity_score,social_image_cloudinary_url,status,user_id,id) values (?,?,?,?,?,?,?,?,?,?,?,?)
]]></system-out>
  </testcase>
  <testcase name="testGatekeepingNOMatchBypasses" classname="com.trinetra.FraudPipelineIntegrationTest" time="0.659">
    <system-out><![CDATA[Hibernate: select frr1_0.id,frr1_0.claim_id,frr1_0.created_at,frr1_0.decision,frr1_0.enforce_detection_used,frr1_0.error_reason,frr1_0.registered_image_cloudinary_url,frr1_0.reviewed_at,frr1_0.reviewed_by,frr1_0.similarity_score,frr1_0.social_image_cloudinary_url,frr1_0.status,frr1_0.user_id from face_recognition_results frr1_0
Hibernate: delete from face_recognition_results where id=?
Hibernate: select count(*) from face_recognition_results frr1_0
]]></system-out>
  </testcase>
  <testcase name="testFastAPIDownFallback" classname="com.trinetra.FraudPipelineIntegrationTest" time="0.095">
    <system-out><![CDATA[Hibernate: select frr1_0.id,frr1_0.claim_id,frr1_0.created_at,frr1_0.decision,frr1_0.enforce_detection_used,frr1_0.error_reason,frr1_0.registered_image_cloudinary_url,frr1_0.reviewed_at,frr1_0.reviewed_by,frr1_0.similarity_score,frr1_0.social_image_cloudinary_url,frr1_0.status,frr1_0.user_id from face_recognition_results frr1_0
Hibernate: insert into face_recognition_results (claim_id,decision,enforce_detection_used,error_reason,registered_image_cloudinary_url,reviewed_at,reviewed_by,similarity_score,social_image_cloudinary_url,status,user_id,id) values (?,?,?,?,?,?,?,?,?,?,?,?)
]]></system-out>
    <system-err><![CDATA[Face verification failed: 500 Server Error: [no body]
]]></system-err>
  </testcase>
  <testcase name="testScraperDownFallback" classname="com.trinetra.FraudPipelineIntegrationTest" time="0.079">
    <system-out><![CDATA[Hibernate: select frr1_0.id,frr1_0.claim_id,frr1_0.created_at,frr1_0.decision,frr1_0.enforce_detection_used,frr1_0.error_reason,frr1_0.registered_image_cloudinary_url,frr1_0.reviewed_at,frr1_0.reviewed_by,frr1_0.similarity_score,frr1_0.social_image_cloudinary_url,frr1_0.status,frr1_0.user_id from face_recognition_results frr1_0
Hibernate: delete from face_recognition_results where id=?
Hibernate: insert into face_recognition_results (claim_id,decision,enforce_detection_used,error_reason,registered_image_cloudinary_url,reviewed_at,reviewed_by,similarity_score,social_image_cloudinary_url,status,user_id,id) values (?,?,?,?,?,?,?,?,?,?,?,?)
]]></system-out>
    <system-err><![CDATA[Scraper failed: 500 Server Error: [no body]
]]></system-err>
  </testcase>
  <testcase name="testFaceEvidenceIgnored" classname="com.trinetra.FraudPipelineIntegrationTest" time="0.118">
    <system-out><![CDATA[Hibernate: select frr1_0.id,frr1_0.claim_id,frr1_0.created_at,frr1_0.decision,frr1_0.enforce_detection_used,frr1_0.error_reason,frr1_0.registered_image_cloudinary_url,frr1_0.reviewed_at,frr1_0.reviewed_by,frr1_0.similarity_score,frr1_0.social_image_cloudinary_url,frr1_0.status,frr1_0.user_id from face_recognition_results frr1_0
Hibernate: delete from face_recognition_results where id=?
Hibernate: insert into face_recognition_results (claim_id,decision,enforce_detection_used,error_reason,registered_image_cloudinary_url,reviewed_at,reviewed_by,similarity_score,social_image_cloudinary_url,status,user_id,id) values (?,?,?,?,?,?,?,?,?,?,?,?)
]]></system-out>
  </testcase>
  <testcase name="testDatabaseRecordSaved" classname="com.trinetra.FraudPipelineIntegrationTest" time="0.124">
    <system-out><![CDATA[Hibernate: select frr1_0.id,frr1_0.claim_id,frr1_0.created_at,frr1_0.decision,frr1_0.enforce_detection_used,frr1_0.error_reason,frr1_0.registered_image_cloudinary_url,frr1_0.reviewed_at,frr1_0.reviewed_by,frr1_0.similarity_score,frr1_0.social_image_cloudinary_url,frr1_0.status,frr1_0.user_id from face_recognition_results frr1_0
Hibernate: delete from face_recognition_results where id=?
Hibernate: insert into face_recognition_results (claim_id,decision,enforce_detection_used,error_reason,registered_image_cloudinary_url,reviewed_at,reviewed_by,similarity_score,social_image_cloudinary_url,status,user_id,id) values (?,?,?,?,?,?,?,?,?,?,?,?)
Hibernate: select frr1_0.id,frr1_0.claim_id,frr1_0.created_at,frr1_0.decision,frr1_0.enforce_detection_used,frr1_0.error_reason,frr1_0.registered_image_cloudinary_url,frr1_0.reviewed_at,frr1_0.reviewed_by,frr1_0.similarity_score,frr1_0.social_image_cloudinary_url,frr1_0.status,frr1_0.user_id from face_recognition_results frr1_0
]]></system-out>
  </testcase>
  <testcase name="testDuplicateClaimId" classname="com.trinetra.FraudPipelineIntegrationTest" time="0.172">
    <system-out><![CDATA[Hibernate: select frr1_0.id,frr1_0.claim_id,frr1_0.created_at,frr1_0.decision,frr1_0.enforce_detection_used,frr1_0.error_reason,frr1_0.registered_image_cloudinary_url,frr1_0.reviewed_at,frr1_0.reviewed_by,frr1_0.similarity_score,frr1_0.social_image_cloudinary_url,frr1_0.status,frr1_0.user_id from face_recognition_results frr1_0
Hibernate: delete from face_recognition_results where id=?
Hibernate: insert into face_recognition_results (claim_id,decision,enforce_detection_used,error_reason,registered_image_cloudinary_url,reviewed_at,reviewed_by,similarity_score,social_image_cloudinary_url,status,user_id,id) values (?,?,?,?,?,?,?,?,?,?,?,?)
Hibernate: insert into face_recognition_results (claim_id,decision,enforce_detection_used,error_reason,registered_image_cloudinary_url,reviewed_at,reviewed_by,similarity_score,social_image_cloudinary_url,status,user_id,id) values (?,?,?,?,?,?,?,?,?,?,?,?)
Hibernate: select count(*) from face_recognition_results frr1_0
]]></system-out>
  </testcase>
</testsuite>